0 info it worked if it ends with ok
1 verbose cli [ '/Users/Dexter/.nvm/versions/node/v7.2.0/bin/node',
1 verbose cli   '/Users/Dexter/.nvm/versions/node/v7.2.0/bin/npm',
1 verbose cli   'publish' ]
2 info using npm@4.0.2
3 info using node@v7.2.0
4 verbose publish [ '.' ]
5 silly cache add args [ '.', null ]
6 verbose cache add spec .
7 silly cache add parsed spec Result {
7 silly cache add   raw: '.',
7 silly cache add   scope: null,
7 silly cache add   escapedName: null,
7 silly cache add   name: null,
7 silly cache add   rawSpec: '.',
7 silly cache add   spec: '/Users/Dexter/Documents/Projects/nodejs/nodejscore',
7 silly cache add   type: 'directory' }
8 verbose addLocalDirectory /Users/Dexter/.npm/nodejscore/0.2.13/package.tgz not in flight; packing
9 verbose correctMkdir /Users/Dexter/.npm correctMkdir not in flight; initializing
10 info lifecycle nodejscore@0.2.13~prepublish: nodejscore@0.2.13
11 silly lifecycle nodejscore@0.2.13~prepublish: no script for prepublish, continuing
12 info lifecycle nodejscore@0.2.13~prepare: nodejscore@0.2.13
13 silly lifecycle nodejscore@0.2.13~prepare: no script for prepare, continuing
14 verbose tar pack [ '/Users/Dexter/.npm/nodejscore/0.2.13/package.tgz',
14 verbose tar pack   '/Users/Dexter/Documents/Projects/nodejs/nodejscore' ]
15 verbose tarball /Users/Dexter/.npm/nodejscore/0.2.13/package.tgz
16 verbose folder /Users/Dexter/Documents/Projects/nodejs/nodejscore
17 verbose addLocalTarball adding from inside cache /Users/Dexter/.npm/nodejscore/0.2.13/package.tgz
18 verbose correctMkdir /Users/Dexter/.npm correctMkdir not in flight; initializing
19 silly cache afterAdd nodejscore@0.2.13
20 verbose afterAdd /Users/Dexter/.npm/nodejscore/0.2.13/package/package.json not in flight; writing
21 verbose correctMkdir /Users/Dexter/.npm correctMkdir not in flight; initializing
22 verbose afterAdd /Users/Dexter/.npm/nodejscore/0.2.13/package/package.json written
23 silly publish { name: 'nodejscore',
23 silly publish   version: '0.2.13',
23 silly publish   description: 'NodeJs core framework base on meanio',
23 silly publish   author: { name: 'Dexter Nguyen' },
23 silly publish   main: 'index',
23 silly publish   dependencies:
23 silly publish    { lodash: '4.16.4',
23 silly publish      swig: '1.3.2',
23 silly publish      mongodb: '2.2.10',
23 silly publish      mkdirp: '0.3.5',
23 silly publish      mongoose: '^4.6.4',
23 silly publish      'nodejs-ioc-container': '1.0.0',
23 silly publish      'gridfs-stream': '0.4.1',
23 silly publish      errorhandler: '~1.0.0',
23 silly publish      passport: '0.3.2' },
23 silly publish   readme: 'This is the nodejs core framework base on meanio\n',
23 silly publish   readmeFilename: 'README.MD',
23 silly publish   gitHead: '381e21f76c327dde3cf46ae362bd84041577493d',
23 silly publish   _id: 'nodejscore@0.2.13',
23 silly publish   scripts: {},
23 silly publish   _shasum: '89a7882787b79d88dd5009cea6075f75a9656672',
23 silly publish   _from: '.' }
24 info lifecycle nodejscore@0.2.13~prepublishOnly: nodejscore@0.2.13
25 silly lifecycle nodejscore@0.2.13~prepublishOnly: no script for prepublishOnly, continuing
26 verbose getPublishConfig undefined
27 silly mapToRegistry name nodejscore
28 silly mapToRegistry using default registry
29 silly mapToRegistry registry https://registry.npmjs.org/
30 silly mapToRegistry data Result {
30 silly mapToRegistry   raw: 'nodejscore',
30 silly mapToRegistry   scope: null,
30 silly mapToRegistry   escapedName: 'nodejscore',
30 silly mapToRegistry   name: 'nodejscore',
30 silly mapToRegistry   rawSpec: '',
30 silly mapToRegistry   spec: 'latest',
30 silly mapToRegistry   type: 'tag' }
31 silly mapToRegistry uri https://registry.npmjs.org/nodejscore
32 verbose publish registryBase https://registry.npmjs.org/
33 silly publish uploading /Users/Dexter/.npm/nodejscore/0.2.13/package.tgz
34 verbose request uri https://registry.npmjs.org/nodejscore
35 verbose request sending authorization for write operation
36 info attempt registry request try #1 at 10:43:45 PM
37 verbose request using bearer token for auth
38 verbose request id fd902f0fe536db0e
39 http request PUT https://registry.npmjs.org/nodejscore
40 http 403 https://registry.npmjs.org/nodejscore
41 verbose headers { 'content-type': 'application/json',
41 verbose headers   'cache-control': 'max-age=300',
41 verbose headers   'content-length': '96',
41 verbose headers   'accept-ranges': 'bytes',
41 verbose headers   date: 'Mon, 28 Nov 2016 15:43:45 GMT',
41 verbose headers   via: '1.1 varnish',
41 verbose headers   connection: 'keep-alive',
41 verbose headers   'x-served-by': 'cache-hkg6824-HKG',
41 verbose headers   'x-cache': 'MISS',
41 verbose headers   'x-cache-hits': '0',
41 verbose headers   'x-timer': 'S1480347825.161222,VS0,VE732',
41 verbose headers   vary: 'Accept-Encoding' }
42 verbose request invalidating /Users/Dexter/.npm/registry.npmjs.org/nodejscore on PUT
43 error publish Failed PUT 403
44 verbose stack Error: "You cannot publish over the previously published version 0.2.13." : nodejscore
44 verbose stack     at makeError (/Users/Dexter/.nvm/versions/node/v7.2.0/lib/node_modules/npm/node_modules/npm-registry-client/lib/request.js:302:12)
44 verbose stack     at CachingRegistryClient.<anonymous> (/Users/Dexter/.nvm/versions/node/v7.2.0/lib/node_modules/npm/node_modules/npm-registry-client/lib/request.js:290:14)
44 verbose stack     at Request._callback (/Users/Dexter/.nvm/versions/node/v7.2.0/lib/node_modules/npm/node_modules/npm-registry-client/lib/request.js:210:14)
44 verbose stack     at Request.self.callback (/Users/Dexter/.nvm/versions/node/v7.2.0/lib/node_modules/npm/node_modules/request/request.js:186:22)
44 verbose stack     at emitTwo (events.js:106:13)
44 verbose stack     at Request.emit (events.js:191:7)
44 verbose stack     at Request.<anonymous> (/Users/Dexter/.nvm/versions/node/v7.2.0/lib/node_modules/npm/node_modules/request/request.js:1081:10)
44 verbose stack     at emitOne (events.js:96:13)
44 verbose stack     at Request.emit (events.js:188:7)
44 verbose stack     at IncomingMessage.<anonymous> (/Users/Dexter/.nvm/versions/node/v7.2.0/lib/node_modules/npm/node_modules/request/request.js:1001:12)
45 verbose statusCode 403
46 verbose pkgid nodejscore
47 verbose cwd /Users/Dexter/Documents/Projects/nodejs/nodejscore
48 error Darwin 16.1.0
49 error argv "/Users/Dexter/.nvm/versions/node/v7.2.0/bin/node" "/Users/Dexter/.nvm/versions/node/v7.2.0/bin/npm" "publish"
50 error node v7.2.0
51 error npm  v4.0.2
52 error code E403
53 error "You cannot publish over the previously published version 0.2.13." : nodejscore
54 error If you need help, you may report this error at:
54 error     <https://github.com/npm/npm/issues>
55 verbose exit [ 1, true ]
